<?xml version="1.0" encoding="UTF-8"?>
<!-- Generated by org.testng.reporters.JUnitXMLReporter -->
<testsuite ignored="5" hostname="OCNSY-23" failures="0" tests="1" name="Default test" time="0.14" errors="0" timestamp="2025-03-17T18:56:01 IST">
  <testcase classname="tests.TestHomepage" name="testHomePage" time="0.1"/>
  <testcase classname="tests.TestHomepage" name="bTest" time="0.0">
    <ignored/>
  </testcase> <!-- bTest -->
  <testcase classname="tests.TestHomepage" name="sTest" time="0.0">
    <ignored/>
  </testcase> <!-- sTest -->
  <testcase classname="tests.TestHomepage" name="cTest" time="0.0">
    <ignored/>
  </testcase> <!-- cTest -->
  <testcase classname="tests.TestHomepage" name="kTest" time="0.0">
    <ignored/>
  </testcase> <!-- kTest -->
  <testcase classname="tests.TestHomepage" name="aTest" time="0.0">
    <ignored/>
  </testcase> <!-- aTest -->
</testsuite> <!-- Default test -->
