<?xml version="1.0" encoding="UTF-8"?>
<!-- Generated by org.testng.reporters.JUnitXMLReporter -->
<testsuite ignored="4" hostname="OCNSY-23" failures="0" tests="2" name="Default test" time="0.074" errors="0" timestamp="2025-03-21T18:57:37 IST">
  <testcase classname="tests.TestOnlineShoping" name="login" time="0.011"/>
  <testcase classname="tests.TestOnlineShoping" name="checkStock" time="0.002"/>
  <testcase classname="tests.TestOnlineShoping" name="payment" time="0.0">
    <ignored/>
  </testcase> <!-- payment -->
  <testcase classname="tests.TestOnlineShoping" name="placeOrder" time="0.0">
    <ignored/>
  </testcase> <!-- placeOrder -->
  <testcase classname="tests.TestOnlineShoping" name="checkPaymentStatus" time="0.0">
    <ignored/>
  </testcase> <!-- checkPaymentStatus -->
  <testcase classname="tests.TestOnlineShoping" name="fillAddress" time="0.0">
    <ignored/>
  </testcase> <!-- fillAddress -->
</testsuite> <!-- Default test -->
