<?xml version="1.0" encoding="UTF-8"?>
<!-- Generated by org.testng.reporters.JUnitXMLReporter -->
<testsuite ignored="0" hostname="OCNSY-23" failures="0" tests="6" name="ContactTest" time="1.282" errors="0" timestamp="2025-03-17T19:16:03 IST">
  <testcase classname="tests.TestContactPage" name="aTest" time="0.001"/>
  <testcase classname="tests.TestContactPage" name="bTest" time="0.003"/>
  <testcase classname="tests.TestContactPage" name="cTest" time="0.001"/>
  <testcase classname="tests.TestContactPage" name="kTest" time="0.001"/>
  <testcase classname="tests.TestContactPage" name="sTest" time="0.001"/>
  <testcase classname="tests.TestContactPage" name="testContactPage" time="1.261"/>
</testsuite> <!-- ContactTest -->
