<?xml version="1.0" encoding="UTF-8"?>
<!-- Generated by org.testng.reporters.JUnitXMLReporter -->
<testsuite ignored="6" hostname="OCNSY-23" failures="3" tests="6" name="HomeTest" time="0.174" errors="0" timestamp="2025-03-20T18:57:29 IST">
  <testcase classname="tests.TestHomepage" name="aTest" time="0.012">
    <failure type="java.lang.NullPointerException" message="Cannot invoke &amp;quot;pages.HomePage.getWhatsNew()&amp;quot; because &amp;quot;this.homepage&amp;quot; is null">
      <![CDATA[java.lang.NullPointerException: Cannot invoke "pages.HomePage.getWhatsNew()" because "this.homepage" is null
at tests.TestHomepage.aTest(TestHomepage.java:40)
at java.base/java.util.ArrayList.forEach(ArrayList.java:1597)
at java.base/java.util.concurrent.FutureTask.run(FutureTask.java:317)
at java.base/java.util.concurrent.ThreadPoolExecutor.runWorker(ThreadPoolExecutor.java:1144)
at java.base/java.util.concurrent.ThreadPoolExecutor$Worker.run(ThreadPoolExecutor.java:642)
at java.base/java.lang.Thread.run(Thread.java:1575)
... Removed 15 stack frames]]>
    </failure>
  </testcase> <!-- aTest -->
  <testcase classname="tests.TestHomepage" name="bTest" time="0.004"/>
  <testcase classname="tests.TestHomepage" name="testHomePage" time="0.003">
    <failure type="java.lang.NullPointerException" message="Cannot invoke &amp;quot;pages.HomePage.getDriver()&amp;quot; because &amp;quot;this.homepage&amp;quot; is null">
      <![CDATA[java.lang.NullPointerException: Cannot invoke "pages.HomePage.getDriver()" because "this.homepage" is null
at tests.TestHomepage.testHomePage(TestHomepage.java:33)
at java.base/java.util.ArrayList.forEach(ArrayList.java:1597)
at java.base/java.util.concurrent.FutureTask.run(FutureTask.java:317)
at java.base/java.util.concurrent.ThreadPoolExecutor.runWorker(ThreadPoolExecutor.java:1144)
at java.base/java.util.concurrent.ThreadPoolExecutor$Worker.run(ThreadPoolExecutor.java:642)
at java.base/java.lang.Thread.run(Thread.java:1575)
... Removed 15 stack frames]]>
    </failure>
  </testcase> <!-- testHomePage -->
  <testcase classname="tests.TestContactPage" name="bTest" time="0.002"/>
  <testcase classname="tests.TestContactPage" name="sTest" time="0.002"/>
  <testcase classname="tests.TestContactPage" name="testContactPage" time="0.054">
    <failure type="java.lang.NullPointerException" message="Cannot invoke &amp;quot;org.openqa.selenium.WebDriver.get(String)&amp;quot; because &amp;quot;this.driver&amp;quot; is null">
      <![CDATA[java.lang.NullPointerException: Cannot invoke "org.openqa.selenium.WebDriver.get(String)" because "this.driver" is null
at tests.TestContactPage.testContactPage(TestContactPage.java:17)
at java.base/java.util.ArrayList.forEach(ArrayList.java:1597)
at java.base/java.util.concurrent.FutureTask.run(FutureTask.java:317)
at java.base/java.util.concurrent.ThreadPoolExecutor.runWorker(ThreadPoolExecutor.java:1144)
at java.base/java.util.concurrent.ThreadPoolExecutor$Worker.run(ThreadPoolExecutor.java:642)
at java.base/java.lang.Thread.run(Thread.java:1575)
... Removed 15 stack frames]]>
    </failure>
  </testcase> <!-- testContactPage -->
  <testcase classname="tests.TestHomepage" name="sTest" time="0.0">
    <ignored/>
  </testcase> <!-- sTest -->
  <testcase classname="tests.TestHomepage" name="cTest" time="0.0">
    <ignored/>
  </testcase> <!-- cTest -->
  <testcase classname="tests.TestContactPage" name="aTest" time="0.0">
    <ignored/>
  </testcase> <!-- aTest -->
  <testcase classname="tests.TestHomepage" name="kTest" time="0.0">
    <ignored/>
  </testcase> <!-- kTest -->
  <testcase classname="tests.TestContactPage" name="cTest" time="0.0">
    <ignored/>
  </testcase> <!-- cTest -->
  <testcase classname="tests.TestContactPage" name="kTest" time="0.0">
    <ignored/>
  </testcase> <!-- kTest -->
</testsuite> <!-- HomeTest -->
