<?xml version="1.0" encoding="UTF-8"?>
<!-- Generated by org.testng.reporters.JUnitXMLReporter -->
<testsuite ignored="0" hostname="OCNSY-23" failures="1" tests="1" name="TestGit" time="7.287" errors="0" timestamp="2025-03-19T18:29:02 IST">
  <testcase classname="tests.TestGitLogin" name="testLogin" time="1.769">
    <failure type="java.lang.AssertionError" message="The following asserts failed:
	expected [https://github.com/sessions/verified-device/mobile?auto=true] but found [https://github.com/]">
      <![CDATA[java.lang.AssertionError: The following asserts failed:
expected [https://github.com/sessions/verified-device/mobile?auto=true] but found [https://github.com/]
at tests.TestGitLogin.testLogin(TestGitLogin.java:33)
at java.base/java.util.ArrayList.forEach(ArrayList.java:1597)
... Removed 27 stack frames]]>
    </failure>
  </testcase> <!-- testLogin -->
</testsuite> <!-- TestGit -->
