<?xml version="1.0" encoding="UTF-8"?>
<testng-results ignored="0" total="12" passed="11" failed="1" skipped="0">
  <reporter-output>
  </reporter-output>
  <suite started-at="2025-03-17T19:18:43 IST" name="Suite" finished-at="2025-03-17T19:18:45 IST" duration-ms="2369">
    <groups>
    </groups>
    <test started-at="2025-03-17T19:18:43 IST" name="HomeTest" finished-at="2025-03-17T19:18:45 IST" duration-ms="2369">
      <class name="tests.TestHomepage">
        <test-method is-config="true" signature="setup()[pri:0, instance:tests.TestHomepage@8297b3a]" started-at="2025-03-17T19:18:41 IST" name="setup" finished-at="2025-03-17T19:18:43 IST" duration-ms="1880" status="PASS">
          <reporter-output>
          </reporter-output>
        </test-method> <!-- setup -->
        <test-method signature="aTest()[pri:0, instance:tests.TestHomepage@8297b3a]" started-at="2025-03-17T19:18:43 IST" name="aTest" finished-at="2025-03-17T19:18:43 IST" duration-ms="13" status="PASS">
          <reporter-output>
          </reporter-output>
        </test-method> <!-- aTest -->
        <test-method signature="bTest()[pri:0, instance:tests.TestHomepage@8297b3a]" started-at="2025-03-17T19:18:43 IST" name="bTest" finished-at="2025-03-17T19:18:43 IST" duration-ms="2" status="PASS">
          <reporter-output>
          </reporter-output>
        </test-method> <!-- bTest -->
        <test-method signature="cTest()[pri:0, instance:tests.TestHomepage@8297b3a]" started-at="2025-03-17T19:18:43 IST" name="cTest" finished-at="2025-03-17T19:18:43 IST" duration-ms="4" status="PASS">
          <reporter-output>
          </reporter-output>
        </test-method> <!-- cTest -->
        <test-method signature="kTest()[pri:0, instance:tests.TestHomepage@8297b3a]" started-at="2025-03-17T19:18:43 IST" name="kTest" finished-at="2025-03-17T19:18:43 IST" duration-ms="3" status="PASS">
          <reporter-output>
          </reporter-output>
        </test-method> <!-- kTest -->
        <test-method signature="sTest()[pri:0, instance:tests.TestHomepage@8297b3a]" started-at="2025-03-17T19:18:43 IST" name="sTest" finished-at="2025-03-17T19:18:43 IST" duration-ms="3" status="PASS">
          <reporter-output>
          </reporter-output>
        </test-method> <!-- sTest -->
        <test-method signature="testHomePage()[pri:0, instance:tests.TestHomepage@8297b3a]" started-at="2025-03-17T19:18:43 IST" name="testHomePage" finished-at="2025-03-17T19:18:45 IST" duration-ms="2119" status="PASS">
          <reporter-output>
          </reporter-output>
        </test-method> <!-- testHomePage -->
        <test-method is-config="true" signature="tearDown()[pri:0, instance:tests.TestHomepage@8297b3a]" started-at="2025-03-17T19:18:45 IST" name="tearDown" finished-at="2025-03-17T19:18:45 IST" duration-ms="154" status="PASS">
          <reporter-output>
          </reporter-output>
        </test-method> <!-- tearDown -->
      </class> <!-- tests.TestHomepage -->
      <class name="tests.TestContactPage">
        <test-method is-config="true" signature="beforeclass()[pri:0, instance:tests.TestContactPage@544fa968]" started-at="2025-03-17T19:18:45 IST" name="beforeclass" finished-at="2025-03-17T19:18:45 IST" duration-ms="4" status="PASS">
          <reporter-output>
          </reporter-output>
        </test-method> <!-- beforeclass -->
        <test-method signature="aTest()[pri:0, instance:tests.TestContactPage@544fa968]" started-at="2025-03-17T19:18:45 IST" name="aTest" finished-at="2025-03-17T19:18:45 IST" duration-ms="6" status="PASS">
          <reporter-output>
          </reporter-output>
        </test-method> <!-- aTest -->
        <test-method signature="bTest()[pri:0, instance:tests.TestContactPage@544fa968]" started-at="2025-03-17T19:18:45 IST" name="bTest" finished-at="2025-03-17T19:18:45 IST" duration-ms="5" status="PASS">
          <reporter-output>
          </reporter-output>
        </test-method> <!-- bTest -->
        <test-method signature="cTest()[pri:0, instance:tests.TestContactPage@544fa968]" started-at="2025-03-17T19:18:45 IST" name="cTest" finished-at="2025-03-17T19:18:45 IST" duration-ms="8" status="PASS">
          <reporter-output>
          </reporter-output>
        </test-method> <!-- cTest -->
        <test-method signature="kTest()[pri:0, instance:tests.TestContactPage@544fa968]" started-at="2025-03-17T19:18:45 IST" name="kTest" finished-at="2025-03-17T19:18:45 IST" duration-ms="6" status="PASS">
          <reporter-output>
          </reporter-output>
        </test-method> <!-- kTest -->
        <test-method signature="sTest()[pri:0, instance:tests.TestContactPage@544fa968]" started-at="2025-03-17T19:18:45 IST" name="sTest" finished-at="2025-03-17T19:18:45 IST" duration-ms="7" status="PASS">
          <reporter-output>
          </reporter-output>
        </test-method> <!-- sTest -->
        <test-method signature="testContactPage()[pri:0, instance:tests.TestContactPage@544fa968]" started-at="2025-03-17T19:18:45 IST" name="testContactPage" finished-at="2025-03-17T19:18:45 IST" duration-ms="85" status="FAIL">
          <exception class="java.lang.NullPointerException">
            <message>
              <![CDATA[Cannot invoke "org.openqa.selenium.WebDriver.get(String)" because "this.driver" is null]]>
            </message>
            <full-stacktrace>
              <![CDATA[java.lang.NullPointerException: Cannot invoke "org.openqa.selenium.WebDriver.get(String)" because "this.driver" is null
at tests.TestContactPage.testContactPage(TestContactPage.java:24)
at java.base/jdk.internal.reflect.DirectMethodHandleAccessor.invoke(DirectMethodHandleAccessor.java:103)
at java.base/java.lang.reflect.Method.invoke(Method.java:580)
at org.testng.internal.invokers.MethodInvocationHelper.invokeMethod(MethodInvocationHelper.java:141)
at org.testng.internal.invokers.InvokeMethodRunnable.runOne(InvokeMethodRunnable.java:47)
at org.testng.internal.invokers.InvokeMethodRunnable.call(InvokeMethodRunnable.java:76)
at org.testng.internal.invokers.InvokeMethodRunnable.call(InvokeMethodRunnable.java:11)
at java.base/java.util.concurrent.FutureTask.run(FutureTask.java:317)
at java.base/java.util.concurrent.ThreadPoolExecutor.runWorker(ThreadPoolExecutor.java:1144)
at java.base/java.util.concurrent.ThreadPoolExecutor$Worker.run(ThreadPoolExecutor.java:642)
at java.base/java.lang.Thread.run(Thread.java:1575)
]]>
            </full-stacktrace>
          </exception> <!-- java.lang.NullPointerException -->
          <reporter-output>
          </reporter-output>
        </test-method> <!-- testContactPage -->
      </class> <!-- tests.TestContactPage -->
    </test> <!-- HomeTest -->
  </suite> <!-- Suite -->
</testng-results>
